<?xml version="1.0" encoding="UTF-8"?>
<!-- Generated by org.testng.reporters.JUnitReportReporter -->
<testsuite hostname="Chetan-kumar" failures="0" tests="4" name="api.testcases.UserTest" time="11.859" errors="0" timestamp="2024-03-12T12:47:44 IST" skipped="0">
  <testcase classname="api.testcases.UserTest" name="testCreateUser" time="4.191"/>
  <system-out/>
  <testcase classname="api.testcases.UserTest" name="testGetUserData" time="1.899"/>
  <system-out/>
  <testcase classname="api.testcases.UserTest" name="testUpdateUser" time="4.174"/>
  <system-out/>
  <testcase classname="api.testcases.UserTest" name="testDeleteUser" time="1.595"/>
  <system-out/>
</testsuite> <!-- api.testcases.UserTest -->
