<?xml version="1.0" encoding="UTF-8"?>
<!-- Generated by org.testng.reporters.JUnitReportReporter -->
<testsuite hostname="Chetan-kumar" failures="0" tests="12" name="api.testcases.UserTestDD" time="21.880" errors="0" timestamp="2024-03-11T11:03:22 IST" skipped="0">
  <testcase classname="api.testcases.UserTestDD" name="testCreateUser" time="1.633"/>
  <system-out/>
  <testcase classname="api.testcases.UserTestDD" name="testCreateUser" time="4.479"/>
  <system-out/>
  <testcase classname="api.testcases.UserTestDD" name="testCreateUser" time="1.530"/>
  <system-out/>
  <testcase classname="api.testcases.UserTestDD" name="testCreateUser" time="1.631"/>
  <system-out/>
  <testcase classname="api.testcases.UserTestDD" name="testGetUserData" time="1.638"/>
  <system-out/>
  <testcase classname="api.testcases.UserTestDD" name="testGetUserData" time="1.579"/>
  <system-out/>
  <testcase classname="api.testcases.UserTestDD" name="testGetUserData" time="1.533"/>
  <system-out/>
  <testcase classname="api.testcases.UserTestDD" name="testGetUserData" time="1.639"/>
  <system-out/>
  <testcase classname="api.testcases.UserTestDD" name="testDeleteUser" time="1.457"/>
  <system-out/>
  <testcase classname="api.testcases.UserTestDD" name="testDeleteUser" time="1.591"/>
  <system-out/>
  <testcase classname="api.testcases.UserTestDD" name="testDeleteUser" time="1.534"/>
  <system-out/>
  <testcase classname="api.testcases.UserTestDD" name="testDeleteUser" time="1.636"/>
  <system-out/>
</testsuite> <!-- api.testcases.UserTestDD -->
