<?xml version="1.0" encoding="UTF-8"?>
<!-- Generated by org.testng.reporters.JUnitReportReporter -->
<testsuite hostname="Chetan-kumar" failures="0" tests="4" name="api.testcases.UserTest" time="10.292" errors="0" timestamp="2024-03-12T14:50:55 IST" skipped="0">
  <testcase classname="api.testcases.UserTest" name="testCreateUser" time="3.937"/>
  <system-out/>
  <testcase classname="api.testcases.UserTest" name="testGetUserData" time="1.615"/>
  <system-out/>
  <testcase classname="api.testcases.UserTest" name="testUpdateUser" time="3.176"/>
  <system-out/>
  <testcase classname="api.testcases.UserTest" name="testDeleteUser" time="1.564"/>
  <system-out/>
</testsuite> <!-- api.testcases.UserTest -->
