<?xml version="1.0" encoding="UTF-8"?>
<!-- Generated by org.testng.reporters.JUnitReportReporter -->
<testsuite hostname="Chetan-kumar" failures="0" tests="4" name="api.testcases.UserTest" time="11.655" errors="0" timestamp="2024-03-11T14:40:41 IST" skipped="0">
  <testcase classname="api.testcases.UserTest" name="testCreateUser" time="5.140"/>
  <system-out/>
  <testcase classname="api.testcases.UserTest" name="testGetUserData" time="1.580"/>
  <system-out/>
  <testcase classname="api.testcases.UserTest" name="testUpdateUser" time="3.308"/>
  <system-out/>
  <testcase classname="api.testcases.UserTest" name="testDeleteUser" time="1.627"/>
  <system-out/>
</testsuite> <!-- api.testcases.UserTest -->
